<?xml version="1.0" encoding="UTF-8"?>
<robot generator="Robot 3.1.2 (Python 3.7.2 on win32)" generated="20191204 17:28:56.390" rpa="false">
<suite id="s1" name="EDAT" source="E:\Projects\1_Live Projects\Logitech\POC\ElectronAppAutomation\ElectronDemoAppAutomation\testCases\EDAT.robot">
<test id="s1-t1" name="View demo for window creation">
<kw name="Launch app 'Electron API Demos'">
<msg timestamp="20191204 17:28:56.455" level="FAIL">No keyword with name 'Launch app 'Electron API Demos'' found.</msg>
<status status="FAIL" starttime="20191204 17:28:56.455" endtime="20191204 17:28:56.455"></status>
</kw>
<status status="FAIL" starttime="20191204 17:28:56.452" endtime="20191204 17:28:56.455" critical="yes">No keyword with name 'Launch app 'Electron API Demos'' found.</status>
</test>
<test id="s1-t2" name="View demo for frame less window creation">
<kw name="Launch the Electron API Demos app">
<msg timestamp="20191204 17:28:56.460" level="FAIL">No keyword with name 'Launch the Electron API Demos app' found.</msg>
<status status="FAIL" starttime="20191204 17:28:56.460" endtime="20191204 17:28:56.460"></status>
</kw>
<status status="FAIL" starttime="20191204 17:28:56.456" endtime="20191204 17:28:56.460" critical="yes">No keyword with name 'Launch the Electron API Demos app' found.</status>
</test>
<status status="FAIL" starttime="20191204 17:28:56.394" endtime="20191204 17:28:56.462"></status>
</suite>
<statistics>
<total>
<stat pass="0" fail="2">Critical Tests</stat>
<stat pass="0" fail="2">All Tests</stat>
</total>
<tag>
</tag>
<suite>
<stat pass="0" fail="2" id="s1" name="EDAT">EDAT</stat>
</suite>
</statistics>
<errors>
</errors>
</robot>
